<?xml version="1.0" encoding="UTF-8"?>
<testng-results ignored="0" total="1" passed="1" failed="0" skipped="0">
  <reporter-output>
  </reporter-output>
  <suite started-at="2023-10-04T00:10:53 IST" name="Default suite" finished-at="2023-10-04T00:12:13 IST" duration-ms="80764">
    <groups>
    </groups>
    <test started-at="2023-10-04T00:10:53 IST" name="Default test" finished-at="2023-10-04T00:12:13 IST" duration-ms="80764">
      <class name="projectT.TestCases.TestCaseLeave">
        <test-method is-config="true" signature="StartTime()[pri:0, instance:projectT.TestCases.TestCaseLeave@3e84448c]" started-at="2023-10-04T00:10:53 IST" name="StartTime" finished-at="2023-10-04T00:10:53 IST" duration-ms="91" status="PASS">
          <reporter-output>
          </reporter-output>
        </test-method> <!-- StartTime -->
        <test-method is-config="true" signature="BeforeTest(java.lang.reflect.Method)[pri:0, instance:projectT.TestCases.TestCaseLeave@3e84448c]" started-at="2023-10-04T00:10:53 IST" name="BeforeTest" finished-at="2023-10-04T00:11:10 IST" duration-ms="17477" status="PASS">
          <params>
            <param index="0">
              <value>
                <![CDATA[public void projectT.TestCases.TestCaseLeave.Leaves_Page_Automation() throws java.io.IOException]]>
              </value>
            </param>
          </params>
          <reporter-output>
          </reporter-output>
        </test-method> <!-- BeforeTest -->
        <test-method signature="Leaves_Page_Automation()[pri:3, instance:projectT.TestCases.TestCaseLeave@3e84448c]" started-at="2023-10-04T00:11:10 IST" name="Leaves_Page_Automation" finished-at="2023-10-04T00:12:12 IST" duration-ms="61808" status="PASS">
          <reporter-output>
          </reporter-output>
        </test-method> <!-- Leaves_Page_Automation -->
        <test-method is-config="true" signature="afterMethod(org.testng.ITestResult)[pri:0, instance:projectT.TestCases.TestCaseLeave@3e84448c]" started-at="2023-10-04T00:12:12 IST" name="afterMethod" finished-at="2023-10-04T00:12:13 IST" duration-ms="1357" status="PASS">
          <params>
            <param index="0">
              <value>
                <![CDATA[[TestResult name=Leaves_Page_Automation status=SUCCESS method=TestCaseLeave.Leaves_Page_Automation()[pri:3, instance:projectT.TestCases.TestCaseLeave@3e84448c] output={null}]]]>
              </value>
            </param>
          </params>
          <reporter-output>
          </reporter-output>
        </test-method> <!-- afterMethod -->
        <test-method is-config="true" signature="EndTime()[pri:0, instance:projectT.TestCases.TestCaseLeave@3e84448c]" started-at="2023-10-04T00:12:14 IST" name="EndTime" finished-at="2023-10-04T00:12:14 IST" duration-ms="1" status="PASS">
          <reporter-output>
          </reporter-output>
        </test-method> <!-- EndTime -->
      </class> <!-- projectT.TestCases.TestCaseLeave -->
    </test> <!-- Default test -->
  </suite> <!-- Default suite -->
</testng-results>
